{"D:\\NodeJs Learning\\Node-js-sample-project\\Services\\API_Responses.js": {"path":"D:\\NodeJs Learning\\Node-js-sample-project\\Services\\API_Responses.js","statementMap":{"0":{"start":{"line":1,"column":18},"end":{"line":35,"column":1}},"1":{"start":{"line":3,"column":8},"end":{"line":11,"column":9}},"2":{"start":{"line":14,"column":8},"end":{"line":22,"column":9}},"3":{"start":{"line":25,"column":8},"end":{"line":33,"column":9}},"4":{"start":{"line":37,"column":0},"end":{"line":37,"column":27}}},"fnMap":{"0":{"name":"(anonymous_0)","decl":{"start":{"line":2,"column":4},"end":{"line":2,"column":5}},"loc":{"start":{"line":2,"column":20},"end":{"line":12,"column":5}},"line":2},"1":{"name":"(anonymous_1)","decl":{"start":{"line":13,"column":4},"end":{"line":13,"column":5}},"loc":{"start":{"line":13,"column":20},"end":{"line":23,"column":5}},"line":13},"2":{"name":"(anonymous_2)","decl":{"start":{"line":24,"column":4},"end":{"line":24,"column":5}},"loc":{"start":{"line":24,"column":20},"end":{"line":34,"column":5}},"line":24}},"branchMap":{"0":{"loc":{"start":{"line":2,"column":9},"end":{"line":2,"column":18}},"type":"default-arg","locations":[{"start":{"line":2,"column":16},"end":{"line":2,"column":18}}],"line":2},"1":{"loc":{"start":{"line":13,"column":9},"end":{"line":13,"column":18}},"type":"default-arg","locations":[{"start":{"line":13,"column":16},"end":{"line":13,"column":18}}],"line":13},"2":{"loc":{"start":{"line":24,"column":9},"end":{"line":24,"column":18}},"type":"default-arg","locations":[{"start":{"line":24,"column":16},"end":{"line":24,"column":18}}],"line":24}},"s":{"0":1,"1":0,"2":0,"3":1,"4":1},"f":{"0":0,"1":0,"2":1},"b":{"0":[0],"1":[0],"2":[0]},"_coverageSchema":"1a1c01bbd47fc00a2c39e90264f33305004495a9","hash":"c3c7f76f4bd29d027284ae77a96bd58e26545a35"}
,"D:\\NodeJs Learning\\Node-js-sample-project\\Services\\Project.js": {"path":"D:\\NodeJs Learning\\Node-js-sample-project\\Services\\Project.js","statementMap":{"0":{"start":{"line":1,"column":18},"end":{"line":1,"column":44}},"1":{"start":{"line":2,"column":12},"end":{"line":2,"column":30}},"2":{"start":{"line":3,"column":14},"end":{"line":3,"column":39}},"3":{"start":{"line":5,"column":23},"end":{"line":5,"column":25}},"4":{"start":{"line":12,"column":0},"end":{"line":34,"column":1}},"5":{"start":{"line":13,"column":4},"end":{"line":15,"column":5}},"6":{"start":{"line":14,"column":8},"end":{"line":14,"column":81}},"7":{"start":{"line":16,"column":4},"end":{"line":33,"column":5}},"8":{"start":{"line":17,"column":25},"end":{"line":17,"column":58}},"9":{"start":{"line":18,"column":8},"end":{"line":32,"column":15}},"10":{"start":{"line":28,"column":16},"end":{"line":28,"column":122}},"11":{"start":{"line":31,"column":16},"end":{"line":31,"column":92}},"12":{"start":{"line":41,"column":0},"end":{"line":61,"column":1}},"13":{"start":{"line":43,"column":19},"end":{"line":43,"column":54}},"14":{"start":{"line":44,"column":17},"end":{"line":51,"column":5}},"15":{"start":{"line":53,"column":4},"end":{"line":60,"column":11}},"16":{"start":{"line":56,"column":12},"end":{"line":56,"column":66}},"17":{"start":{"line":59,"column":12},"end":{"line":59,"column":127}},"18":{"start":{"line":69,"column":0},"end":{"line":88,"column":1}},"19":{"start":{"line":71,"column":19},"end":{"line":71,"column":52}},"20":{"start":{"line":72,"column":17},"end":{"line":78,"column":5}},"21":{"start":{"line":80,"column":4},"end":{"line":87,"column":11}},"22":{"start":{"line":83,"column":12},"end":{"line":83,"column":66}},"23":{"start":{"line":86,"column":12},"end":{"line":86,"column":127}},"24":{"start":{"line":90,"column":0},"end":{"line":90,"column":32}}},"fnMap":{"0":{"name":"(anonymous_0)","decl":{"start":{"line":12,"column":28},"end":{"line":12,"column":29}},"loc":{"start":{"line":12,"column":51},"end":{"line":34,"column":1}},"line":12},"1":{"name":"(anonymous_1)","decl":{"start":{"line":27,"column":18},"end":{"line":27,"column":19}},"loc":{"start":{"line":27,"column":26},"end":{"line":29,"column":13}},"line":27},"2":{"name":"(anonymous_2)","decl":{"start":{"line":30,"column":19},"end":{"line":30,"column":20}},"loc":{"start":{"line":30,"column":28},"end":{"line":32,"column":13}},"line":30},"3":{"name":"(anonymous_3)","decl":{"start":{"line":41,"column":28},"end":{"line":41,"column":29}},"loc":{"start":{"line":41,"column":51},"end":{"line":61,"column":1}},"line":41},"4":{"name":"(anonymous_4)","decl":{"start":{"line":55,"column":14},"end":{"line":55,"column":15}},"loc":{"start":{"line":55,"column":22},"end":{"line":57,"column":9}},"line":55},"5":{"name":"(anonymous_5)","decl":{"start":{"line":58,"column":15},"end":{"line":58,"column":16}},"loc":{"start":{"line":58,"column":24},"end":{"line":60,"column":9}},"line":58},"6":{"name":"(anonymous_6)","decl":{"start":{"line":69,"column":31},"end":{"line":69,"column":32}},"loc":{"start":{"line":69,"column":65},"end":{"line":88,"column":1}},"line":69},"7":{"name":"(anonymous_7)","decl":{"start":{"line":82,"column":14},"end":{"line":82,"column":15}},"loc":{"start":{"line":82,"column":22},"end":{"line":84,"column":9}},"line":82},"8":{"name":"(anonymous_8)","decl":{"start":{"line":85,"column":15},"end":{"line":85,"column":16}},"loc":{"start":{"line":85,"column":24},"end":{"line":87,"column":9}},"line":85}},"branchMap":{"0":{"loc":{"start":{"line":13,"column":4},"end":{"line":15,"column":5}},"type":"if","locations":[{"start":{"line":13,"column":4},"end":{"line":15,"column":5}},{"start":{"line":13,"column":4},"end":{"line":15,"column":5}}],"line":13},"1":{"loc":{"start":{"line":16,"column":4},"end":{"line":33,"column":5}},"type":"if","locations":[{"start":{"line":16,"column":4},"end":{"line":33,"column":5}},{"start":{"line":16,"column":4},"end":{"line":33,"column":5}}],"line":16},"2":{"loc":{"start":{"line":28,"column":39},"end":{"line":28,"column":120}},"type":"cond-expr","locations":[{"start":{"line":28,"column":59},"end":{"line":28,"column":86}},{"start":{"line":28,"column":89},"end":{"line":28,"column":120}}],"line":28}},"s":{"0":1,"1":1,"2":1,"3":1,"4":1,"5":1,"6":0,"7":1,"8":1,"9":1,"10":0,"11":1,"12":1,"13":0,"14":0,"15":0,"16":0,"17":0,"18":1,"19":0,"20":0,"21":0,"22":0,"23":0,"24":1},"f":{"0":1,"1":0,"2":1,"3":0,"4":0,"5":0,"6":0,"7":0,"8":0},"b":{"0":[0,1],"1":[1,0],"2":[0,0]},"_coverageSchema":"1a1c01bbd47fc00a2c39e90264f33305004495a9","hash":"e20a8a949e497b4f00033f76cd1cc7858f2ed2ef"}
,"D:\\NodeJs Learning\\Node-js-sample-project\\Utils\\utils.js": {"path":"D:\\NodeJs Learning\\Node-js-sample-project\\Utils\\utils.js","statementMap":{"0":{"start":{"line":1,"column":14},"end":{"line":9,"column":1}},"1":{"start":{"line":3,"column":8},"end":{"line":6,"column":11}},"2":{"start":{"line":4,"column":20},"end":{"line":4,"column":42}},"3":{"start":{"line":4,"column":48},"end":{"line":4,"column":78}},"4":{"start":{"line":5,"column":12},"end":{"line":5,"column":34}},"5":{"start":{"line":11,"column":0},"end":{"line":11,"column":23}}},"fnMap":{"0":{"name":"(anonymous_0)","decl":{"start":{"line":2,"column":4},"end":{"line":2,"column":5}},"loc":{"start":{"line":2,"column":14},"end":{"line":7,"column":5}},"line":2},"1":{"name":"(anonymous_1)","decl":{"start":{"line":3,"column":71},"end":{"line":3,"column":72}},"loc":{"start":{"line":3,"column":84},"end":{"line":6,"column":9}},"line":3}},"branchMap":{"0":{"loc":{"start":{"line":4,"column":48},"end":{"line":4,"column":78}},"type":"cond-expr","locations":[{"start":{"line":4,"column":59},"end":{"line":4,"column":60}},{"start":{"line":4,"column":64},"end":{"line":4,"column":77}}],"line":4}},"s":{"0":1,"1":0,"2":0,"3":0,"4":0,"5":1},"f":{"0":0,"1":0},"b":{"0":[0,0]},"_coverageSchema":"1a1c01bbd47fc00a2c39e90264f33305004495a9","hash":"20314884f8430142a739bd6e86a4b265c58c9642"}
,"D:\\NodeJs Learning\\Node-js-sample-project\\modules\\Project\\GetProject.js": {"path":"D:\\NodeJs Learning\\Node-js-sample-project\\modules\\Project\\GetProject.js","statementMap":{"0":{"start":{"line":1,"column":23},"end":{"line":1,"column":56}},"1":{"start":{"line":3,"column":0},"end":{"line":5,"column":1}},"2":{"start":{"line":4,"column":4},"end":{"line":4,"column":69}}},"fnMap":{"0":{"name":"(anonymous_0)","decl":{"start":{"line":3,"column":18},"end":{"line":3,"column":19}},"loc":{"start":{"line":3,"column":33},"end":{"line":5,"column":1}},"line":3}},"branchMap":{},"s":{"0":1,"1":1,"2":2},"f":{"0":2},"b":{},"_coverageSchema":"1a1c01bbd47fc00a2c39e90264f33305004495a9","hash":"fbb2d09cc43b6d6496844702cda2378c4dbb3975"}
}
